<?xml version="1.0" encoding="UTF-8"?>
<testng-results ignored="0" total="1" passed="1" failed="0" skipped="0">
  <reporter-output>
  </reporter-output>
  <suite started-at="2025-01-31T07:23:53 IST" name="Default suite" finished-at="2025-01-31T07:24:00 IST" duration-ms="7688">
    <groups>
    </groups>
    <test started-at="2025-01-31T07:23:53 IST" name="Default test" finished-at="2025-01-31T07:24:00 IST" duration-ms="7688">
      <class name="com.blazedemo.testcases.welcomepageTest">
        <test-method is-config="true" signature="setup()[pri:0, instance:com.blazedemo.testcases.welcomepageTest@41a0aa7d]" started-at="2025-01-31T07:23:53 IST" name="setup" finished-at="2025-01-31T07:24:00 IST" duration-ms="7396" status="PASS">
          <reporter-output>
          </reporter-output>
        </test-method> <!-- setup -->
        <test-method signature="welcomepagetitletest()[pri:0, instance:com.blazedemo.testcases.welcomepageTest@41a0aa7d]" started-at="2025-01-31T07:24:00 IST" name="welcomepagetitletest" finished-at="2025-01-31T07:24:00 IST" duration-ms="38" status="PASS">
          <reporter-output>
          </reporter-output>
        </test-method> <!-- welcomepagetitletest -->
        <test-method is-config="true" signature="teardown()[pri:0, instance:com.blazedemo.testcases.welcomepageTest@41a0aa7d]" started-at="2025-01-31T07:24:00 IST" name="teardown" finished-at="2025-01-31T07:24:00 IST" duration-ms="216" status="PASS">
          <reporter-output>
          </reporter-output>
        </test-method> <!-- teardown -->
      </class> <!-- com.blazedemo.testcases.welcomepageTest -->
    </test> <!-- Default test -->
  </suite> <!-- Default suite -->
</testng-results>
